<?xml version="1.0" encoding="UTF-8"?>
<!-- Generated by org.testng.reporters.JUnitXMLReporter -->
<testsuite hostname="LAPTOP-OUKH0HKJ" failures="0" tests="2" name="Test" time="3.124" errors="0" timestamp="25 Feb 2022 18:39:50 GMT">
  <testcase classname="Assignment1.Assignment1Test" name="enterUnamePwd" time="0.0">
    <skipped/>
  </testcase> <!-- enterUnamePwd -->
  <testcase classname="Assignment1.Assignment1Test" name="closeDriver" time="0.0">
    <skipped/>
  </testcase> <!-- closeDriver -->
</testsuite> <!-- Test -->
