<?xml version="1.0" encoding="UTF-8"?>
<!-- Generated by org.testng.reporters.JUnitXMLReporter -->
<testsuite hostname="LAPTOP-OUKH0HKJ" failures="2" tests="2" name="Assignment1_Firefox" time="0.089" errors="0" timestamp="28 Feb 2022 20:25:47 GMT">
  <testcase classname="Assignment1.Assignment1Test" name="@AfterTest closeDriver" time="0.0">
    <failure type="java.lang.NullPointerException" message="Cannot invoke &amp;quot;org.openqa.selenium.WebDriver.quit()&amp;quot; because &amp;quot;this.driver&amp;quot; is null">
      <![CDATA[java.lang.NullPointerException: Cannot invoke "org.openqa.selenium.WebDriver.quit()" because "this.driver" is null
	at Assignment1.Assignment1Test.closeDriver(Assignment1Test.java:82)
... Removed 22 stack frames]]>
    </failure>
  </testcase> <!-- @AfterTest closeDriver -->
  <testcase classname="Assignment1.Assignment1Test" name="validUnamePwd" time="0.01">
    <failure type="java.lang.NullPointerException" message="Cannot invoke &amp;quot;Assignment1.Facebook_Home.setUserName(String)&amp;quot; because &amp;quot;this.fbHome&amp;quot; is null">
      <![CDATA[java.lang.NullPointerException: Cannot invoke "Assignment1.Facebook_Home.setUserName(String)" because "this.fbHome" is null
	at Assignment1.Assignment1Test.validUnamePwd(Assignment1Test.java:52)
... Removed 24 stack frames]]>
    </failure>
  </testcase> <!-- validUnamePwd -->
  <testcase classname="Assignment1.Assignment1Test" name="invalidUserPwd" time="0.003">
    <failure type="java.lang.NullPointerException" message="Cannot invoke &amp;quot;Assignment1.Facebook_Home.setUserName(String)&amp;quot; because &amp;quot;this.fbHome&amp;quot; is null">
      <![CDATA[java.lang.NullPointerException: Cannot invoke "Assignment1.Facebook_Home.setUserName(String)" because "this.fbHome" is null
	at Assignment1.Assignment1Test.invalidUserPwd(Assignment1Test.java:69)
... Removed 24 stack frames]]>
    </failure>
  </testcase> <!-- invalidUserPwd -->
</testsuite> <!-- Assignment1_Firefox -->
